app/build/outputs/logs/manifest-merger-debug-report.txt
-- Merging decision tree log ---
manifest
ADDED from src\main\AndroidManifest.xml:2:1-31:12
INJECTED from src\main\AndroidManifest.xml:2:1-31:12
INJECTED from src\main\AndroidManifest.xml:2:1-31:12
INJECTED from src\main\AndroidManifest.xml:2:1-31:12
MERGED from [com.diegodobelo.expandingview:expanding-view:0.9.4] AndroidManifest.xml:2:1-16:12
MERGED from [com.sdsmdg.tastytoast:tastytoast:0.1.0] AndroidManifest.xml:2:1-14:12
MERGED from [com.airbnb.android:lottie:2.2.0] AndroidManifest.xml:2:1-12:12
MERGED from [com.android.support:appcompat-v7:27.1.1] AndroidManifest.xml:17:1-22:12
MERGED from [com.android.support.constraint:constraint-layout:1.1.3] AndroidManifest.xml:2:1-11:12
MERGED from [br.com.simplepass:loading-button-android:1.7.2] AndroidManifest.xml:2:1-16:12
MERGED from [com.github.PhilJay:MPAndroidChart:v3.1.0-alpha] AndroidManifest.xml:2:1-20:12
MERGED from [com.android.support:support-fragment:27.1.1] AndroidManifest.xml:17:1-22:12
MERGED from [com.android.support:animated-vector-drawable:27.1.1] AndroidManifest.xml:17:1-22:12
MERGED from [com.android.support:support-core-ui:27.1.1] AndroidManifest.xml:17:1-22:12
MERGED from [com.android.support:support-core-utils:27.1.1] AndroidManifest.xml:17:1-22:12
MERGED from [com.android.support:support-vector-drawable:27.1.1] AndroidManifest.xml:17:1-22:12
MERGED from [com.android.support:support-compat:27.1.1] AndroidManifest.xml:17:1-22:12
MERGED from [android.arch.lifecycle:livedata-core:1.1.0] AndroidManifest.xml:17:1-22:12
MERGED from [android.arch.lifecycle:viewmodel:1.1.0] AndroidManifest.xml:17:1-22:12
MERGED from [android.arch.lifecycle:runtime:1.1.0] AndroidManifest.xml:17:1-22:12
MERGED from [android.arch.core:runtime:1.1.0] AndroidManifest.xml:17:1-22:12
INJECTED from src\main\AndroidManifest.xml:2:1-31:12
INJECTED from src\main\AndroidManifest.xml:2:1-31:12
INJECTED from src\main\AndroidManifest.xml:2:1-31:12
	package
		ADDED from src\main\AndroidManifest.xml:3:5-53
		INJECTED from src\main\AndroidManifest.xml
		INJECTED from src\main\AndroidManifest.xml
	android:versionName
		INJECTED from src\main\AndroidManifest.xml
		ADDED from src\main\AndroidManifest.xml:2:1-31:12
		INJECTED from src\main\AndroidManifest.xml
	android:versionCode
		INJECTED from src\main\AndroidManifest.xml
		ADDED from src\main\AndroidManifest.xml:2:1-31:12
		INJECTED from src\main\AndroidManifest.xml
	xmlns:android
		ADDED from src\main\AndroidManifest.xml:2:11-69
application
ADDED from src\main\AndroidManifest.xml:5:5-29:19
MERGED from [com.diegodobelo.expandingview:expanding-view:0.9.4] AndroidManifest.xml:11:5-14:19
MERGED from [com.diegodobelo.expandingview:expanding-view:0.9.4] AndroidManifest.xml:11:5-14:19
MERGED from [com.sdsmdg.tastytoast:tastytoast:0.1.0] AndroidManifest.xml:11:5-12:19
MERGED from [com.sdsmdg.tastytoast:tastytoast:0.1.0] AndroidManifest.xml:11:5-12:19
MERGED from [com.airbnb.android:lottie:2.2.0] AndroidManifest.xml:10:5-20
MERGED from [com.airbnb.android:lottie:2.2.0] AndroidManifest.xml:10:5-20
MERGED from [com.android.support.constraint:constraint-layout:1.1.3] AndroidManifest.xml:9:5-20
MERGED from [com.android.support.constraint:constraint-layout:1.1.3] AndroidManifest.xml:9:5-20
MERGED from [br.com.simplepass:loading-button-android:1.7.2] AndroidManifest.xml:11:5-14:19
MERGED from [br.com.simplepass:loading-button-android:1.7.2] AndroidManifest.xml:11:5-14:19
	android:supportsRtl
		ADDED from src\main\AndroidManifest.xml:10:9-35
	android:label
		ADDED from src\main\AndroidManifest.xml:8:9-41
	android:roundIcon
		ADDED from src\main\AndroidManifest.xml:9:9-45
	android:icon
		ADDED from src\main\AndroidManifest.xml:7:9-40
	android:allowBackup
		ADDED from src\main\AndroidManifest.xml:6:9-35
	android:theme
		ADDED from src\main\AndroidManifest.xml:11:9-40
activity#com.example.yash.group_expense_tracker.MainActivity
ADDED from src\main\AndroidManifest.xml:12:9-18:20
	android:name
		ADDED from src\main\AndroidManifest.xml:12:19-47
intent-filter#action:name:android.intent.action.MAIN+category:name:android.intent.category.LAUNCHER
ADDED from src\main\AndroidManifest.xml:13:13-17:29
action#android.intent.action.MAIN
ADDED from src\main\AndroidManifest.xml:14:17-69
	android:name
		ADDED from src\main\AndroidManifest.xml:14:25-66
category#android.intent.category.LAUNCHER
ADDED from src\main\AndroidManifest.xml:16:17-77
	android:name
		ADDED from src\main\AndroidManifest.xml:16:27-74
activity#com.example.yash.group_expense_tracker.TripSelection
ADDED from src\main\AndroidManifest.xml:19:9-51
	android:name
		ADDED from src\main\AndroidManifest.xml:19:19-48
activity#com.example.yash.group_expense_tracker.GroupCreation
ADDED from src\main\AndroidManifest.xml:20:9-51
	android:name
		ADDED from src\main\AndroidManifest.xml:20:19-48
activity#com.example.yash.group_expense_tracker.AddMembers
ADDED from src\main\AndroidManifest.xml:21:9-48
	android:name
		ADDED from src\main\AndroidManifest.xml:21:19-45
activity#com.example.yash.group_expense_tracker.Home
ADDED from src\main\AndroidManifest.xml:22:9-42
	android:name
		ADDED from src\main\AndroidManifest.xml:22:19-39
activity#com.example.yash.group_expense_tracker.Members
ADDED from src\main\AndroidManifest.xml:23:9-45
	android:name
		ADDED from src\main\AndroidManifest.xml:23:19-42
activity#com.example.yash.group_expense_tracker.Add_Expenses
ADDED from src\main\AndroidManifest.xml:24:9-50
	android:name
		ADDED from src\main\AndroidManifest.xml:24:19-47
activity#com.example.yash.group_expense_tracker.ExpensePieGraph
ADDED from src\main\AndroidManifest.xml:25:9-53
	android:name
		ADDED from src\main\AndroidManifest.xml:25:19-50
activity#com.example.yash.group_expense_tracker.ModifyExpenses
ADDED from src\main\AndroidManifest.xml:26:9-52
	android:name
		ADDED from src\main\AndroidManifest.xml:26:19-49
activity#com.example.yash.group_expense_tracker.Calculate
ADDED from src\main\AndroidManifest.xml:27:9-47
	android:name
		ADDED from src\main\AndroidManifest.xml:27:19-44
activity#com.example.yash.group_expense_tracker.TripDetail
ADDED from src\main\AndroidManifest.xml:28:9-57
	android:name
		ADDED from src\main\AndroidManifest.xml:28:19-45
uses-sdk
INJECTED from src\main\AndroidManifest.xml reason: use-sdk injection requested
INJECTED from src\main\AndroidManifest.xml
INJECTED from src\main\AndroidManifest.xml
MERGED from [com.diegodobelo.expandingview:expanding-view:0.9.4] AndroidManifest.xml:7:5-9:41
MERGED from [com.diegodobelo.expandingview:expanding-view:0.9.4] AndroidManifest.xml:7:5-9:41
MERGED from [com.sdsmdg.tastytoast:tastytoast:0.1.0] AndroidManifest.xml:7:5-9:41
MERGED from [com.sdsmdg.tastytoast:tastytoast:0.1.0] AndroidManifest.xml:7:5-9:41
MERGED from [com.airbnb.android:lottie:2.2.0] AndroidManifest.xml:6:5-8:41
MERGED from [com.airbnb.android:lottie:2.2.0] AndroidManifest.xml:6:5-8:41
MERGED from [com.android.support:appcompat-v7:27.1.1] AndroidManifest.xml:20:5-44
MERGED from [com.android.support:appcompat-v7:27.1.1] AndroidManifest.xml:20:5-44
MERGED from [com.android.support.constraint:constraint-layout:1.1.3] AndroidManifest.xml:5:5-7:41
MERGED from [com.android.support.constraint:constraint-layout:1.1.3] AndroidManifest.xml:5:5-7:41
MERGED from [br.com.simplepass:loading-button-android:1.7.2] AndroidManifest.xml:7:5-9:41
MERGED from [br.com.simplepass:loading-button-android:1.7.2] AndroidManifest.xml:7:5-9:41
MERGED from [com.github.PhilJay:MPAndroidChart:v3.1.0-alpha] AndroidManifest.xml:16:5-18:41
MERGED from [com.github.PhilJay:MPAndroidChart:v3.1.0-alpha] AndroidManifest.xml:16:5-18:41
MERGED from [com.android.support:support-fragment:27.1.1] AndroidManifest.xml:20:5-44
MERGED from [com.android.support:support-fragment:27.1.1] AndroidManifest.xml:20:5-44
MERGED from [com.android.support:animated-vector-drawable:27.1.1] AndroidManifest.xml:20:5-44
MERGED from [com.android.support:animated-vector-drawable:27.1.1] AndroidManifest.xml:20:5-44
MERGED from [com.android.support:support-core-ui:27.1.1] AndroidManifest.xml:20:5-44
MERGED from [com.android.support:support-core-ui:27.1.1] AndroidManifest.xml:20:5-44
MERGED from [com.android.support:support-core-utils:27.1.1] AndroidManifest.xml:20:5-44
MERGED from [com.android.support:support-core-utils:27.1.1] AndroidManifest.xml:20:5-44
MERGED from [com.android.support:support-vector-drawable:27.1.1] AndroidManifest.xml:20:5-44
MERGED from [com.android.support:support-vector-drawable:27.1.1] AndroidManifest.xml:20:5-44
MERGED from [com.android.support:support-compat:27.1.1] AndroidManifest.xml:20:5-44
MERGED from [com.android.support:support-compat:27.1.1] AndroidManifest.xml:20:5-44
MERGED from [android.arch.lifecycle:livedata-core:1.1.0] AndroidManifest.xml:20:5-44
MERGED from [android.arch.lifecycle:livedata-core:1.1.0] AndroidManifest.xml:20:5-44
MERGED from [android.arch.lifecycle:viewmodel:1.1.0] AndroidManifest.xml:20:5-44
MERGED from [android.arch.lifecycle:viewmodel:1.1.0] AndroidManifest.xml:20:5-44
MERGED from [android.arch.lifecycle:runtime:1.1.0] AndroidManifest.xml:20:5-44
MERGED from [android.arch.lifecycle:runtime:1.1.0] AndroidManifest.xml:20:5-44
MERGED from [android.arch.core:runtime:1.1.0] AndroidManifest.xml:20:5-44
MERGED from [android.arch.core:runtime:1.1.0] AndroidManifest.xml:20:5-44
INJECTED from src\main\AndroidManifest.xml
INJECTED from src\main\AndroidManifest.xml
	android:targetSdkVersion
		INJECTED from src\main\AndroidManifest.xml
		ADDED from src\main\AndroidManifest.xml
		INJECTED from src\main\AndroidManifest.xml
	android:minSdkVersion
		INJECTED from src\main\AndroidManifest.xml
		ADDED from src\main\AndroidManifest.xml
		INJECTED from src\main\AndroidManifest.xml